[debug] [2025-09-30T10:37:12.934Z] ----------------------------------------------------------------------
[debug] [2025-09-30T10:37:12.962Z] Command:       /Users/jobregon/.nvm/versions/node/v22.20.0/bin/node /Users/jobregon/.nvm/versions/node/v18.17.0/bin/firebase deploy --only functions
[debug] [2025-09-30T10:37:12.962Z] CLI Version:   14.17.0
[debug] [2025-09-30T10:37:12.963Z] Platform:      darwin
[debug] [2025-09-30T10:37:12.963Z] Node Version:  v22.20.0
[debug] [2025-09-30T10:37:12.964Z] Time:          Tue Sep 30 2025 04:37:12 GMT-0600 (hora estándar central)
[debug] [2025-09-30T10:37:12.964Z] ----------------------------------------------------------------------
[debug] 
[debug] [2025-09-30T10:37:13.316Z] > command requires scopes: ["email","openid","https://www.googleapis.com/auth/cloudplatformprojects.readonly","https://www.googleapis.com/auth/firebase","https://www.googleapis.com/auth/cloud-platform"]
[debug] [2025-09-30T10:37:13.317Z] > authorizing via signed-in user (josealonzo121@gmail.com)
[debug] [2025-09-30T10:37:13.317Z] [iam] checking project aurea-marketplace for permissions ["cloudfunctions.functions.create","cloudfunctions.functions.delete","cloudfunctions.functions.get","cloudfunctions.functions.list","cloudfunctions.functions.update","cloudfunctions.operations.get","firebase.projects.get"]
[debug] [2025-09-30T10:37:13.319Z] Checked if tokens are valid: true, expires at: 1759231914776
[debug] [2025-09-30T10:37:13.319Z] Checked if tokens are valid: true, expires at: 1759231914776
[debug] [2025-09-30T10:37:13.321Z] >>> [apiv2][query] POST https://cloudresourcemanager.googleapis.com/v1/projects/aurea-marketplace:testIamPermissions [none]
[debug] [2025-09-30T10:37:13.321Z] >>> [apiv2][(partial)header] POST https://cloudresourcemanager.googleapis.com/v1/projects/aurea-marketplace:testIamPermissions x-goog-quota-user=projects/aurea-marketplace
[debug] [2025-09-30T10:37:13.321Z] >>> [apiv2][body] POST https://cloudresourcemanager.googleapis.com/v1/projects/aurea-marketplace:testIamPermissions {"permissions":["cloudfunctions.functions.create","cloudfunctions.functions.delete","cloudfunctions.functions.get","cloudfunctions.functions.list","cloudfunctions.functions.update","cloudfunctions.operations.get","firebase.projects.get"]}
[debug] [2025-09-30T10:37:13.976Z] <<< [apiv2][status] POST https://cloudresourcemanager.googleapis.com/v1/projects/aurea-marketplace:testIamPermissions 200
[debug] [2025-09-30T10:37:13.977Z] <<< [apiv2][body] POST https://cloudresourcemanager.googleapis.com/v1/projects/aurea-marketplace:testIamPermissions {"permissions":["cloudfunctions.functions.create","cloudfunctions.functions.delete","cloudfunctions.functions.get","cloudfunctions.functions.list","cloudfunctions.functions.update","cloudfunctions.operations.get","firebase.projects.get"]}
[debug] [2025-09-30T10:37:13.978Z] Checked if tokens are valid: true, expires at: 1759231914776
[debug] [2025-09-30T10:37:13.978Z] Checked if tokens are valid: true, expires at: 1759231914776
[debug] [2025-09-30T10:37:13.978Z] >>> [apiv2][query] POST https://iam.googleapis.com/v1/projects/aurea-marketplace/serviceAccounts/aurea-marketplace@appspot.gserviceaccount.com:testIamPermissions [none]
[debug] [2025-09-30T10:37:13.978Z] >>> [apiv2][body] POST https://iam.googleapis.com/v1/projects/aurea-marketplace/serviceAccounts/aurea-marketplace@appspot.gserviceaccount.com:testIamPermissions {"permissions":["iam.serviceAccounts.actAs"]}
[debug] [2025-09-30T10:37:14.550Z] <<< [apiv2][status] POST https://iam.googleapis.com/v1/projects/aurea-marketplace/serviceAccounts/aurea-marketplace@appspot.gserviceaccount.com:testIamPermissions 200
[debug] [2025-09-30T10:37:14.550Z] <<< [apiv2][body] POST https://iam.googleapis.com/v1/projects/aurea-marketplace/serviceAccounts/aurea-marketplace@appspot.gserviceaccount.com:testIamPermissions {"permissions":["iam.serviceAccounts.actAs"]}
[info] 
[info] === Deploying to 'aurea-marketplace'...
[info] 
[info] i  deploying functions 
[debug] [2025-09-30T10:37:14.554Z] Checked if tokens are valid: true, expires at: 1759231914776
[debug] [2025-09-30T10:37:14.554Z] Checked if tokens are valid: true, expires at: 1759231914776
[debug] [2025-09-30T10:37:14.554Z] >>> [apiv2][query] GET https://serviceusage.googleapis.com/v1/projects/aurea-marketplace/services/cloudresourcemanager.googleapis.com [none]
[debug] [2025-09-30T10:37:14.554Z] >>> [apiv2][(partial)header] GET https://serviceusage.googleapis.com/v1/projects/aurea-marketplace/services/cloudresourcemanager.googleapis.com x-goog-quota-user=projects/aurea-marketplace
[debug] [2025-09-30T10:37:15.139Z] <<< [apiv2][status] GET https://serviceusage.googleapis.com/v1/projects/aurea-marketplace/services/cloudresourcemanager.googleapis.com 200
[debug] [2025-09-30T10:37:15.139Z] <<< [apiv2][body] GET https://serviceusage.googleapis.com/v1/projects/aurea-marketplace/services/cloudresourcemanager.googleapis.com [omitted]
[debug] [2025-09-30T10:37:15.163Z] Checked if tokens are valid: true, expires at: 1759231914776
[debug] [2025-09-30T10:37:15.163Z] Checked if tokens are valid: true, expires at: 1759231914776
[debug] [2025-09-30T10:37:15.163Z] >>> [apiv2][query] GET https://cloudresourcemanager.googleapis.com/v1/projects/aurea-marketplace [none]
[debug] [2025-09-30T10:37:15.494Z] <<< [apiv2][status] GET https://cloudresourcemanager.googleapis.com/v1/projects/aurea-marketplace 200
[debug] [2025-09-30T10:37:15.494Z] <<< [apiv2][body] GET https://cloudresourcemanager.googleapis.com/v1/projects/aurea-marketplace {"projectNumber":"387822057241","projectId":"aurea-marketplace","lifecycleState":"ACTIVE","name":"Aurea","labels":{"firebase":"enabled","firebase-core":"disabled"},"createTime":"2025-09-30T08:13:07.208637Z"}
[info] i  functions: preparing codebase default for deployment 
[info] i  functions: ensuring required API cloudfunctions.googleapis.com is enabled... 
[info] i  functions: ensuring required API cloudbuild.googleapis.com is enabled... 
[debug] [2025-09-30T10:37:15.498Z] Checked if tokens are valid: true, expires at: 1759231914776
[debug] [2025-09-30T10:37:15.498Z] Checked if tokens are valid: true, expires at: 1759231914776
[info] i  artifactregistry: ensuring required API artifactregistry.googleapis.com is enabled... 
[debug] [2025-09-30T10:37:15.498Z] Checked if tokens are valid: true, expires at: 1759231914776
[debug] [2025-09-30T10:37:15.498Z] Checked if tokens are valid: true, expires at: 1759231914776
[debug] [2025-09-30T10:37:15.498Z] >>> [apiv2][query] GET https://serviceusage.googleapis.com/v1/projects/aurea-marketplace/services/cloudbuild.googleapis.com [none]
[debug] [2025-09-30T10:37:15.498Z] >>> [apiv2][(partial)header] GET https://serviceusage.googleapis.com/v1/projects/aurea-marketplace/services/cloudbuild.googleapis.com x-goog-quota-user=projects/aurea-marketplace
[debug] [2025-09-30T10:37:15.499Z] >>> [apiv2][query] GET https://serviceusage.googleapis.com/v1/projects/aurea-marketplace/services/artifactregistry.googleapis.com [none]
[debug] [2025-09-30T10:37:15.499Z] >>> [apiv2][(partial)header] GET https://serviceusage.googleapis.com/v1/projects/aurea-marketplace/services/artifactregistry.googleapis.com x-goog-quota-user=projects/aurea-marketplace
[debug] [2025-09-30T10:37:15.785Z] <<< [apiv2][status] GET https://serviceusage.googleapis.com/v1/projects/aurea-marketplace/services/cloudbuild.googleapis.com 200
[debug] [2025-09-30T10:37:15.785Z] <<< [apiv2][body] GET https://serviceusage.googleapis.com/v1/projects/aurea-marketplace/services/cloudbuild.googleapis.com [omitted]
[warn] ⚠  functions: missing required API cloudbuild.googleapis.com. Enabling now... 
[debug] [2025-09-30T10:37:15.786Z] Checked if tokens are valid: true, expires at: 1759231914776
[debug] [2025-09-30T10:37:15.786Z] Checked if tokens are valid: true, expires at: 1759231914776
[debug] [2025-09-30T10:37:15.786Z] >>> [apiv2][query] POST https://serviceusage.googleapis.com/v1/projects/aurea-marketplace/services/cloudbuild.googleapis.com:enable [none]
[debug] [2025-09-30T10:37:15.787Z] >>> [apiv2][(partial)header] POST https://serviceusage.googleapis.com/v1/projects/aurea-marketplace/services/cloudbuild.googleapis.com:enable x-goog-quota-user=projects/aurea-marketplace
[debug] [2025-09-30T10:37:15.962Z] <<< [apiv2][status] GET https://serviceusage.googleapis.com/v1/projects/aurea-marketplace/services/artifactregistry.googleapis.com 200
[debug] [2025-09-30T10:37:15.962Z] <<< [apiv2][body] GET https://serviceusage.googleapis.com/v1/projects/aurea-marketplace/services/artifactregistry.googleapis.com [omitted]
[warn] ⚠  artifactregistry: missing required API artifactregistry.googleapis.com. Enabling now... 
[debug] [2025-09-30T10:37:15.962Z] Checked if tokens are valid: true, expires at: 1759231914776
[debug] [2025-09-30T10:37:15.963Z] Checked if tokens are valid: true, expires at: 1759231914776
[debug] [2025-09-30T10:37:15.963Z] >>> [apiv2][query] POST https://serviceusage.googleapis.com/v1/projects/aurea-marketplace/services/artifactregistry.googleapis.com:enable [none]
[debug] [2025-09-30T10:37:15.963Z] >>> [apiv2][(partial)header] POST https://serviceusage.googleapis.com/v1/projects/aurea-marketplace/services/artifactregistry.googleapis.com:enable x-goog-quota-user=projects/aurea-marketplace
[debug] [2025-09-30T10:37:16.652Z] <<< [apiv2][status] POST https://serviceusage.googleapis.com/v1/projects/aurea-marketplace/services/artifactregistry.googleapis.com:enable 200
[debug] [2025-09-30T10:37:16.652Z] <<< [apiv2][body] POST https://serviceusage.googleapis.com/v1/projects/aurea-marketplace/services/artifactregistry.googleapis.com:enable [omitted]
[debug] [2025-09-30T10:37:16.774Z] <<< [apiv2][status] POST https://serviceusage.googleapis.com/v1/projects/aurea-marketplace/services/cloudbuild.googleapis.com:enable 200
[debug] [2025-09-30T10:37:16.774Z] <<< [apiv2][body] POST https://serviceusage.googleapis.com/v1/projects/aurea-marketplace/services/cloudbuild.googleapis.com:enable [omitted]
[debug] [2025-09-30T10:37:26.898Z] Checked if tokens are valid: true, expires at: 1759231914776
[debug] [2025-09-30T10:37:26.898Z] Checked if tokens are valid: true, expires at: 1759231914776
[debug] [2025-09-30T10:37:26.899Z] >>> [apiv2][query] GET https://firebase.googleapis.com/v1beta1/projects/aurea-marketplace/adminSdkConfig [none]
[debug] [2025-09-30T10:37:27.328Z] <<< [apiv2][status] GET https://firebase.googleapis.com/v1beta1/projects/aurea-marketplace/adminSdkConfig 200
[debug] [2025-09-30T10:37:27.328Z] <<< [apiv2][body] GET https://firebase.googleapis.com/v1beta1/projects/aurea-marketplace/adminSdkConfig {"projectId":"aurea-marketplace","storageBucket":"aurea-marketplace.firebasestorage.app"}
[debug] [2025-09-30T10:37:27.329Z] Checked if tokens are valid: true, expires at: 1759231914776
[debug] [2025-09-30T10:37:27.329Z] Checked if tokens are valid: true, expires at: 1759231914776
[debug] [2025-09-30T10:37:27.329Z] >>> [apiv2][query] GET https://runtimeconfig.googleapis.com/v1beta1/projects/aurea-marketplace/configs [none]
[debug] [2025-09-30T10:37:27.715Z] <<< [apiv2][status] GET https://runtimeconfig.googleapis.com/v1beta1/projects/aurea-marketplace/configs 200
[debug] [2025-09-30T10:37:27.715Z] <<< [apiv2][body] GET https://runtimeconfig.googleapis.com/v1beta1/projects/aurea-marketplace/configs {}
[debug] [2025-09-30T10:37:27.719Z] Validating nodejs source
[debug] [2025-09-30T10:37:29.796Z] > [functions] package.json contents: {
  "name": "functions",
  "description": "Cloud Functions for Firebase",
  "scripts": {
    "serve": "firebase emulators:start --only functions",
    "shell": "firebase functions:shell",
    "start": "npm run shell",
    "deploy": "firebase deploy --only functions",
    "logs": "firebase functions:log"
  },
  "engines": {
    "node": "22"
  },
  "main": "index.js",
  "dependencies": {
    "firebase-admin": "^12.6.0",
    "firebase-functions": "^6.0.1"
  },
  "devDependencies": {
    "firebase-functions-test": "^3.1.0"
  },
  "private": true
}
[debug] [2025-09-30T10:37:29.797Z] Building nodejs source
[info] i  functions: Loading and analyzing source code for codebase default to determine what to deploy 
[debug] [2025-09-30T10:37:29.800Z] Could not find functions.yaml. Must use http discovery
[debug] [2025-09-30T10:37:29.813Z] Found firebase-functions binary at '/Users/jobregon/Desktop/Aurea/functions/node_modules/.bin/firebase-functions'
[info] Serving at port 8122

[debug] [2025-09-30T10:37:33.360Z] Got response from /__/functions.yaml {"endpoints":{"api":{"availableMemoryMb":null,"timeoutSeconds":null,"minInstances":null,"maxInstances":null,"ingressSettings":null,"concurrency":null,"serviceAccountEmail":null,"vpc":null,"platform":"gcfv2","labels":{},"httpsTrigger":{},"entryPoint":"api"}},"specVersion":"v1alpha1","requiredAPIs":[],"extensions":{}}
[info] i  extensions: ensuring required API firebaseextensions.googleapis.com is enabled... 
[debug] [2025-09-30T10:37:37.416Z] Checked if tokens are valid: true, expires at: 1759231914776
[debug] [2025-09-30T10:37:37.416Z] Checked if tokens are valid: true, expires at: 1759231914776
[debug] [2025-09-30T10:37:37.417Z] >>> [apiv2][query] GET https://serviceusage.googleapis.com/v1/projects/aurea-marketplace/services/firebaseextensions.googleapis.com [none]
[debug] [2025-09-30T10:37:37.417Z] >>> [apiv2][(partial)header] GET https://serviceusage.googleapis.com/v1/projects/aurea-marketplace/services/firebaseextensions.googleapis.com x-goog-quota-user=projects/aurea-marketplace
[debug] [2025-09-30T10:37:37.848Z] <<< [apiv2][status] GET https://serviceusage.googleapis.com/v1/projects/aurea-marketplace/services/firebaseextensions.googleapis.com 200
[debug] [2025-09-30T10:37:37.849Z] <<< [apiv2][body] GET https://serviceusage.googleapis.com/v1/projects/aurea-marketplace/services/firebaseextensions.googleapis.com [omitted]
[warn] ⚠  extensions: missing required API firebaseextensions.googleapis.com. Enabling now... 
[debug] [2025-09-30T10:37:37.849Z] Checked if tokens are valid: true, expires at: 1759231914776
[debug] [2025-09-30T10:37:37.849Z] Checked if tokens are valid: true, expires at: 1759231914776
[debug] [2025-09-30T10:37:37.849Z] >>> [apiv2][query] POST https://serviceusage.googleapis.com/v1/projects/aurea-marketplace/services/firebaseextensions.googleapis.com:enable [none]
[debug] [2025-09-30T10:37:37.849Z] >>> [apiv2][(partial)header] POST https://serviceusage.googleapis.com/v1/projects/aurea-marketplace/services/firebaseextensions.googleapis.com:enable x-goog-quota-user=projects/aurea-marketplace
[debug] [2025-09-30T10:37:38.458Z] <<< [apiv2][status] POST https://serviceusage.googleapis.com/v1/projects/aurea-marketplace/services/firebaseextensions.googleapis.com:enable 200
[debug] [2025-09-30T10:37:38.458Z] <<< [apiv2][body] POST https://serviceusage.googleapis.com/v1/projects/aurea-marketplace/services/firebaseextensions.googleapis.com:enable [omitted]
[debug] [2025-09-30T10:37:48.474Z] > command requires scopes: ["email","openid","https://www.googleapis.com/auth/cloudplatformprojects.readonly","https://www.googleapis.com/auth/firebase","https://www.googleapis.com/auth/cloud-platform"]
[debug] [2025-09-30T10:37:48.475Z] > authorizing via signed-in user (josealonzo121@gmail.com)
[debug] [2025-09-30T10:37:48.475Z] [iam] checking project aurea-marketplace for permissions ["firebase.projects.get","firebaseextensions.instances.list"]
[debug] [2025-09-30T10:37:48.475Z] Checked if tokens are valid: true, expires at: 1759231914776
[debug] [2025-09-30T10:37:48.475Z] Checked if tokens are valid: true, expires at: 1759231914776
[debug] [2025-09-30T10:37:48.475Z] >>> [apiv2][query] POST https://cloudresourcemanager.googleapis.com/v1/projects/aurea-marketplace:testIamPermissions [none]
[debug] [2025-09-30T10:37:48.475Z] >>> [apiv2][(partial)header] POST https://cloudresourcemanager.googleapis.com/v1/projects/aurea-marketplace:testIamPermissions x-goog-quota-user=projects/aurea-marketplace
[debug] [2025-09-30T10:37:48.475Z] >>> [apiv2][body] POST https://cloudresourcemanager.googleapis.com/v1/projects/aurea-marketplace:testIamPermissions {"permissions":["firebase.projects.get","firebaseextensions.instances.list"]}
[debug] [2025-09-30T10:37:48.778Z] <<< [apiv2][status] POST https://cloudresourcemanager.googleapis.com/v1/projects/aurea-marketplace:testIamPermissions 200
[debug] [2025-09-30T10:37:48.778Z] <<< [apiv2][body] POST https://cloudresourcemanager.googleapis.com/v1/projects/aurea-marketplace:testIamPermissions {"permissions":["firebase.projects.get","firebaseextensions.instances.list"]}
[debug] [2025-09-30T10:37:48.779Z] Checked if tokens are valid: true, expires at: 1759231914776
[debug] [2025-09-30T10:37:48.779Z] Checked if tokens are valid: true, expires at: 1759231914776
[debug] [2025-09-30T10:37:48.783Z] >>> [apiv2][query] GET https://firebaseextensions.googleapis.com/v1beta/projects/aurea-marketplace/instances pageSize=100&pageToken=
[debug] [2025-09-30T10:37:55.505Z] <<< [apiv2][status] GET https://firebaseextensions.googleapis.com/v1beta/projects/aurea-marketplace/instances 200
[debug] [2025-09-30T10:37:55.505Z] <<< [apiv2][body] GET https://firebaseextensions.googleapis.com/v1beta/projects/aurea-marketplace/instances {}
[info] i  functions: preparing functions directory for uploading... 
[info] i  functions: packaged /Users/jobregon/Desktop/Aurea/functions (68.96 KB) for uploading 
[debug] [2025-09-30T10:37:55.569Z] Checked if tokens are valid: true, expires at: 1759231914776
[debug] [2025-09-30T10:37:55.569Z] Checked if tokens are valid: true, expires at: 1759231914776
[debug] [2025-09-30T10:37:55.569Z] >>> [apiv2][query] GET https://cloudfunctions.googleapis.com/v1/projects/aurea-marketplace/locations/-/functions [none]
[debug] [2025-09-30T10:37:56.494Z] <<< [apiv2][status] GET https://cloudfunctions.googleapis.com/v1/projects/aurea-marketplace/locations/-/functions 200
[debug] [2025-09-30T10:37:56.494Z] <<< [apiv2][body] GET https://cloudfunctions.googleapis.com/v1/projects/aurea-marketplace/locations/-/functions {}
[debug] [2025-09-30T10:37:56.494Z] Checked if tokens are valid: true, expires at: 1759231914776
[debug] [2025-09-30T10:37:56.495Z] Checked if tokens are valid: true, expires at: 1759231914776
[debug] [2025-09-30T10:37:56.495Z] >>> [apiv2][query] GET https://cloudfunctions.googleapis.com/v2/projects/aurea-marketplace/locations/-/functions filter=environment%3D%22GEN_2%22
[debug] [2025-09-30T10:37:56.936Z] <<< [apiv2][status] GET https://cloudfunctions.googleapis.com/v2/projects/aurea-marketplace/locations/-/functions 200
[debug] [2025-09-30T10:37:56.936Z] <<< [apiv2][body] GET https://cloudfunctions.googleapis.com/v2/projects/aurea-marketplace/locations/-/functions {}
[info] i  functions: ensuring required API run.googleapis.com is enabled... 
[debug] [2025-09-30T10:37:56.939Z] Checked if tokens are valid: true, expires at: 1759231914776
[debug] [2025-09-30T10:37:56.939Z] Checked if tokens are valid: true, expires at: 1759231914776
[info] i  functions: ensuring required API eventarc.googleapis.com is enabled... 
[debug] [2025-09-30T10:37:56.940Z] Checked if tokens are valid: true, expires at: 1759231914776
[debug] [2025-09-30T10:37:56.940Z] Checked if tokens are valid: true, expires at: 1759231914776
[info] i  functions: ensuring required API pubsub.googleapis.com is enabled... 
[debug] [2025-09-30T10:37:56.940Z] Checked if tokens are valid: true, expires at: 1759231914776
[debug] [2025-09-30T10:37:56.940Z] Checked if tokens are valid: true, expires at: 1759231914776
[info] i  functions: ensuring required API storage.googleapis.com is enabled... 
[debug] [2025-09-30T10:37:56.940Z] Checked if tokens are valid: true, expires at: 1759231914776
[debug] [2025-09-30T10:37:56.940Z] Checked if tokens are valid: true, expires at: 1759231914776
[debug] [2025-09-30T10:37:56.940Z] >>> [apiv2][query] GET https://serviceusage.googleapis.com/v1/projects/387822057241/services/run.googleapis.com [none]
[debug] [2025-09-30T10:37:56.940Z] >>> [apiv2][(partial)header] GET https://serviceusage.googleapis.com/v1/projects/387822057241/services/run.googleapis.com x-goog-quota-user=projects/387822057241
[debug] [2025-09-30T10:37:56.942Z] >>> [apiv2][query] GET https://serviceusage.googleapis.com/v1/projects/387822057241/services/eventarc.googleapis.com [none]
[debug] [2025-09-30T10:37:56.943Z] >>> [apiv2][(partial)header] GET https://serviceusage.googleapis.com/v1/projects/387822057241/services/eventarc.googleapis.com x-goog-quota-user=projects/387822057241
[debug] [2025-09-30T10:37:56.944Z] >>> [apiv2][query] GET https://serviceusage.googleapis.com/v1/projects/387822057241/services/pubsub.googleapis.com [none]
[debug] [2025-09-30T10:37:56.944Z] >>> [apiv2][(partial)header] GET https://serviceusage.googleapis.com/v1/projects/387822057241/services/pubsub.googleapis.com x-goog-quota-user=projects/387822057241
[debug] [2025-09-30T10:37:56.946Z] >>> [apiv2][query] GET https://serviceusage.googleapis.com/v1/projects/387822057241/services/storage.googleapis.com [none]
[debug] [2025-09-30T10:37:56.946Z] >>> [apiv2][(partial)header] GET https://serviceusage.googleapis.com/v1/projects/387822057241/services/storage.googleapis.com x-goog-quota-user=projects/387822057241
[debug] [2025-09-30T10:37:57.458Z] <<< [apiv2][status] GET https://serviceusage.googleapis.com/v1/projects/387822057241/services/pubsub.googleapis.com 200
[debug] [2025-09-30T10:37:57.458Z] <<< [apiv2][body] GET https://serviceusage.googleapis.com/v1/projects/387822057241/services/pubsub.googleapis.com [omitted]
[info] ✔  functions: required API pubsub.googleapis.com is enabled 
[debug] [2025-09-30T10:37:57.476Z] <<< [apiv2][status] GET https://serviceusage.googleapis.com/v1/projects/387822057241/services/eventarc.googleapis.com 200
[debug] [2025-09-30T10:37:57.477Z] <<< [apiv2][body] GET https://serviceusage.googleapis.com/v1/projects/387822057241/services/eventarc.googleapis.com [omitted]
[warn] ⚠  functions: missing required API eventarc.googleapis.com. Enabling now... 
[debug] [2025-09-30T10:37:57.477Z] Checked if tokens are valid: true, expires at: 1759231914776
[debug] [2025-09-30T10:37:57.477Z] Checked if tokens are valid: true, expires at: 1759231914776
[debug] [2025-09-30T10:37:57.477Z] >>> [apiv2][query] POST https://serviceusage.googleapis.com/v1/projects/387822057241/services/eventarc.googleapis.com:enable [none]
[debug] [2025-09-30T10:37:57.477Z] >>> [apiv2][(partial)header] POST https://serviceusage.googleapis.com/v1/projects/387822057241/services/eventarc.googleapis.com:enable x-goog-quota-user=projects/387822057241
[debug] [2025-09-30T10:37:57.479Z] <<< [apiv2][status] GET https://serviceusage.googleapis.com/v1/projects/387822057241/services/storage.googleapis.com 200
[debug] [2025-09-30T10:37:57.479Z] <<< [apiv2][body] GET https://serviceusage.googleapis.com/v1/projects/387822057241/services/storage.googleapis.com [omitted]
[info] ✔  functions: required API storage.googleapis.com is enabled 
[debug] [2025-09-30T10:37:57.527Z] <<< [apiv2][status] GET https://serviceusage.googleapis.com/v1/projects/387822057241/services/run.googleapis.com 200
[debug] [2025-09-30T10:37:57.527Z] <<< [apiv2][body] GET https://serviceusage.googleapis.com/v1/projects/387822057241/services/run.googleapis.com [omitted]
[warn] ⚠  functions: missing required API run.googleapis.com. Enabling now... 
[debug] [2025-09-30T10:37:57.528Z] Checked if tokens are valid: true, expires at: 1759231914776
[debug] [2025-09-30T10:37:57.528Z] Checked if tokens are valid: true, expires at: 1759231914776
[debug] [2025-09-30T10:37:57.528Z] >>> [apiv2][query] POST https://serviceusage.googleapis.com/v1/projects/387822057241/services/run.googleapis.com:enable [none]
[debug] [2025-09-30T10:37:57.528Z] >>> [apiv2][(partial)header] POST https://serviceusage.googleapis.com/v1/projects/387822057241/services/run.googleapis.com:enable x-goog-quota-user=projects/387822057241
[debug] [2025-09-30T10:37:58.212Z] <<< [apiv2][status] POST https://serviceusage.googleapis.com/v1/projects/387822057241/services/eventarc.googleapis.com:enable 200
[debug] [2025-09-30T10:37:58.212Z] <<< [apiv2][body] POST https://serviceusage.googleapis.com/v1/projects/387822057241/services/eventarc.googleapis.com:enable [omitted]
[debug] [2025-09-30T10:37:58.221Z] <<< [apiv2][status] POST https://serviceusage.googleapis.com/v1/projects/387822057241/services/run.googleapis.com:enable 200
[debug] [2025-09-30T10:37:58.222Z] <<< [apiv2][body] POST https://serviceusage.googleapis.com/v1/projects/387822057241/services/run.googleapis.com:enable [omitted]
[info] i  functions: generating the service identity for pubsub.googleapis.com... 
[debug] [2025-09-30T10:38:08.256Z] Checked if tokens are valid: true, expires at: 1759231914776
[debug] [2025-09-30T10:38:08.256Z] Checked if tokens are valid: true, expires at: 1759231914776
[info] i  functions: generating the service identity for eventarc.googleapis.com... 
[debug] [2025-09-30T10:38:08.256Z] Checked if tokens are valid: true, expires at: 1759231914776
[debug] [2025-09-30T10:38:08.257Z] Checked if tokens are valid: true, expires at: 1759231914776
[debug] [2025-09-30T10:38:08.257Z] >>> [apiv2][query] POST https://serviceusage.googleapis.com/v1beta1/projects/387822057241/services/pubsub.googleapis.com:generateServiceIdentity [none]
[debug] [2025-09-30T10:38:08.257Z] >>> [apiv2][(partial)header] POST https://serviceusage.googleapis.com/v1beta1/projects/387822057241/services/pubsub.googleapis.com:generateServiceIdentity x-goog-quota-user=projects/387822057241
[debug] [2025-09-30T10:38:08.257Z] >>> [apiv2][body] POST https://serviceusage.googleapis.com/v1beta1/projects/387822057241/services/pubsub.googleapis.com:generateServiceIdentity {}
[debug] [2025-09-30T10:38:08.260Z] >>> [apiv2][query] POST https://serviceusage.googleapis.com/v1beta1/projects/387822057241/services/eventarc.googleapis.com:generateServiceIdentity [none]
[debug] [2025-09-30T10:38:08.260Z] >>> [apiv2][(partial)header] POST https://serviceusage.googleapis.com/v1beta1/projects/387822057241/services/eventarc.googleapis.com:generateServiceIdentity x-goog-quota-user=projects/387822057241
[debug] [2025-09-30T10:38:08.261Z] >>> [apiv2][body] POST https://serviceusage.googleapis.com/v1beta1/projects/387822057241/services/eventarc.googleapis.com:generateServiceIdentity {}
[debug] [2025-09-30T10:38:09.019Z] <<< [apiv2][status] POST https://serviceusage.googleapis.com/v1beta1/projects/387822057241/services/eventarc.googleapis.com:generateServiceIdentity 200
[debug] [2025-09-30T10:38:09.019Z] <<< [apiv2][body] POST https://serviceusage.googleapis.com/v1beta1/projects/387822057241/services/eventarc.googleapis.com:generateServiceIdentity {"name":"operations/finished.DONE_OPERATION","done":true,"response":{"@type":"type.googleapis.com/google.api.serviceusage.v1beta1.ServiceIdentity","email":"service-387822057241@gcp-sa-eventarc.iam.gserviceaccount.com","uniqueId":"103995080604034948205"}}
[debug] [2025-09-30T10:38:09.105Z] <<< [apiv2][status] POST https://serviceusage.googleapis.com/v1beta1/projects/387822057241/services/pubsub.googleapis.com:generateServiceIdentity 200
[debug] [2025-09-30T10:38:09.105Z] <<< [apiv2][body] POST https://serviceusage.googleapis.com/v1beta1/projects/387822057241/services/pubsub.googleapis.com:generateServiceIdentity {"name":"operations/finished.DONE_OPERATION","done":true,"response":{"@type":"type.googleapis.com/google.api.serviceusage.v1beta1.ServiceIdentity","email":"service-387822057241@gcp-sa-pubsub.iam.gserviceaccount.com","uniqueId":"107567521369099688863"}}
[debug] [2025-09-30T10:38:09.110Z] Checked if tokens are valid: true, expires at: 1759231914776
[debug] [2025-09-30T10:38:09.111Z] Checked if tokens are valid: true, expires at: 1759231914776
[debug] [2025-09-30T10:38:09.111Z] >>> [apiv2][query] GET https://cloudresourcemanager.googleapis.com/v1/projects/aurea-marketplace [none]
[debug] [2025-09-30T10:38:09.441Z] <<< [apiv2][status] GET https://cloudresourcemanager.googleapis.com/v1/projects/aurea-marketplace 200
[debug] [2025-09-30T10:38:09.441Z] <<< [apiv2][body] GET https://cloudresourcemanager.googleapis.com/v1/projects/aurea-marketplace {"projectNumber":"387822057241","projectId":"aurea-marketplace","lifecycleState":"ACTIVE","name":"Aurea","labels":{"firebase":"enabled","firebase-core":"disabled"},"createTime":"2025-09-30T08:13:07.208637Z"}
[debug] [2025-09-30T10:38:09.441Z] Checked if tokens are valid: true, expires at: 1759231914776
[debug] [2025-09-30T10:38:09.441Z] Checked if tokens are valid: true, expires at: 1759231914776
[debug] [2025-09-30T10:38:09.441Z] >>> [apiv2][query] GET https://compute.googleapis.com/compute/v1/projects/387822057241 [none]
[debug] [2025-09-30T10:38:09.758Z] <<< [apiv2][status] GET https://compute.googleapis.com/compute/v1/projects/387822057241 403
[debug] [2025-09-30T10:38:09.758Z] <<< [apiv2][body] GET https://compute.googleapis.com/compute/v1/projects/387822057241 {"error":{"code":403,"message":"Compute Engine API has not been used in project 387822057241 before or it is disabled. Enable it by visiting https://console.developers.google.com/apis/api/compute.googleapis.com/overview?project=387822057241 then retry. If you enabled this API recently, wait a few minutes for the action to propagate to our systems and retry.","errors":[{"message":"Compute Engine API has not been used in project 387822057241 before or it is disabled. Enable it by visiting https://console.developers.google.com/apis/api/compute.googleapis.com/overview?project=387822057241 then retry. If you enabled this API recently, wait a few minutes for the action to propagate to our systems and retry.","domain":"usageLimits","reason":"accessNotConfigured","extendedHelp":"https://console.developers.google.com"}],"status":"PERMISSION_DENIED","details":[{"@type":"type.googleapis.com/google.rpc.ErrorInfo","reason":"SERVICE_DISABLED","domain":"googleapis.com","metadata":{"containerInfo":"387822057241","service":"compute.googleapis.com","consumer":"projects/387822057241","activationUrl":"https://console.developers.google.com/apis/api/compute.googleapis.com/overview?project=387822057241","serviceTitle":"Compute Engine API"}},{"@type":"type.googleapis.com/google.rpc.LocalizedMessage","locale":"en-US","message":"Compute Engine API has not been used in project 387822057241 before or it is disabled. Enable it by visiting https://console.developers.google.com/apis/api/compute.googleapis.com/overview?project=387822057241 then retry. If you enabled this API recently, wait a few minutes for the action to propagate to our systems and retry."},{"@type":"type.googleapis.com/google.rpc.Help","links":[{"description":"Google developers console API activation","url":"https://console.developers.google.com/apis/api/compute.googleapis.com/overview?project=387822057241"}]}]}}
[debug] [2025-09-30T10:38:09.759Z] unable to look up default compute service account. Falling back to 387822057241-compute@developer.gserviceaccount.com. Error: {"name":"FirebaseError","children":[],"context":{"body":{"error":{"code":403,"message":"Compute Engine API has not been used in project 387822057241 before or it is disabled. Enable it by visiting https://console.developers.google.com/apis/api/compute.googleapis.com/overview?project=387822057241 then retry. If you enabled this API recently, wait a few minutes for the action to propagate to our systems and retry.","errors":[{"message":"Compute Engine API has not been used in project 387822057241 before or it is disabled. Enable it by visiting https://console.developers.google.com/apis/api/compute.googleapis.com/overview?project=387822057241 then retry. If you enabled this API recently, wait a few minutes for the action to propagate to our systems and retry.","domain":"usageLimits","reason":"accessNotConfigured","extendedHelp":"https://console.developers.google.com"}],"status":"PERMISSION_DENIED","details":[{"@type":"type.googleapis.com/google.rpc.ErrorInfo","reason":"SERVICE_DISABLED","domain":"googleapis.com","metadata":{"containerInfo":"387822057241","service":"compute.googleapis.com","consumer":"projects/387822057241","activationUrl":"https://console.developers.google.com/apis/api/compute.googleapis.com/overview?project=387822057241","serviceTitle":"Compute Engine API"}},{"@type":"type.googleapis.com/google.rpc.LocalizedMessage","locale":"en-US","message":"Compute Engine API has not been used in project 387822057241 before or it is disabled. Enable it by visiting https://console.developers.google.com/apis/api/compute.googleapis.com/overview?project=387822057241 then retry. If you enabled this API recently, wait a few minutes for the action to propagate to our systems and retry."},{"@type":"type.googleapis.com/google.rpc.Help","links":[{"description":"Google developers console API activation","url":"https://console.developers.google.com/apis/api/compute.googleapis.com/overview?project=387822057241"}]}]}},"response":{"statusCode":403}},"exit":1,"message":"Request to https://compute.googleapis.com/compute/v1/projects/387822057241 had HTTP Error: 403, Compute Engine API has not been used in project 387822057241 before or it is disabled. Enable it by visiting https://console.developers.google.com/apis/api/compute.googleapis.com/overview?project=387822057241 then retry. If you enabled this API recently, wait a few minutes for the action to propagate to our systems and retry.","status":403}
[debug] [2025-09-30T10:38:09.761Z] Checked if tokens are valid: true, expires at: 1759231914776
[debug] [2025-09-30T10:38:09.761Z] Checked if tokens are valid: true, expires at: 1759231914776
[debug] [2025-09-30T10:38:09.761Z] >>> [apiv2][query] GET https://cloudbilling.googleapis.com/v1/projects/aurea-marketplace/billingInfo [none]
[debug] [2025-09-30T10:38:10.199Z] <<< [apiv2][status] GET https://cloudbilling.googleapis.com/v1/projects/aurea-marketplace/billingInfo 200
[debug] [2025-09-30T10:38:10.199Z] <<< [apiv2][body] GET https://cloudbilling.googleapis.com/v1/projects/aurea-marketplace/billingInfo {"name":"projects/aurea-marketplace/billingInfo","projectId":"aurea-marketplace","billingAccountName":"billingAccounts/01974F-E22E92-CEB52D","billingEnabled":true}
[debug] [2025-09-30T10:38:10.200Z] [functions] found 1 new HTTP functions, testing setIamPolicy permission...
[debug] [2025-09-30T10:38:10.201Z] Checked if tokens are valid: true, expires at: 1759231914776
[debug] [2025-09-30T10:38:10.201Z] Checked if tokens are valid: true, expires at: 1759231914776
[debug] [2025-09-30T10:38:10.201Z] >>> [apiv2][query] POST https://cloudresourcemanager.googleapis.com/v1/projects/aurea-marketplace:testIamPermissions [none]
[debug] [2025-09-30T10:38:10.201Z] >>> [apiv2][(partial)header] POST https://cloudresourcemanager.googleapis.com/v1/projects/aurea-marketplace:testIamPermissions x-goog-quota-user=projects/aurea-marketplace
[debug] [2025-09-30T10:38:10.201Z] >>> [apiv2][body] POST https://cloudresourcemanager.googleapis.com/v1/projects/aurea-marketplace:testIamPermissions {"permissions":["cloudfunctions.functions.setIamPolicy"]}
[debug] [2025-09-30T10:38:10.303Z] <<< [apiv2][status] POST https://cloudresourcemanager.googleapis.com/v1/projects/aurea-marketplace:testIamPermissions 200
[debug] [2025-09-30T10:38:10.304Z] <<< [apiv2][body] POST https://cloudresourcemanager.googleapis.com/v1/projects/aurea-marketplace:testIamPermissions {"permissions":["cloudfunctions.functions.setIamPolicy"]}
[debug] [2025-09-30T10:38:10.304Z] [functions] found setIamPolicy permission, proceeding with deploy
[debug] [2025-09-30T10:38:10.304Z] Checked if tokens are valid: true, expires at: 1759231914776
[debug] [2025-09-30T10:38:10.304Z] Checked if tokens are valid: true, expires at: 1759231914776
[debug] [2025-09-30T10:38:10.305Z] >>> [apiv2][query] POST https://cloudfunctions.googleapis.com/v2/projects/aurea-marketplace/locations/us-central1/functions:generateUploadUrl [none]
[debug] [2025-09-30T10:38:11.878Z] <<< [apiv2][status] POST https://cloudfunctions.googleapis.com/v2/projects/aurea-marketplace/locations/us-central1/functions:generateUploadUrl 200
[debug] [2025-09-30T10:38:11.878Z] <<< [apiv2][body] POST https://cloudfunctions.googleapis.com/v2/projects/aurea-marketplace/locations/us-central1/functions:generateUploadUrl {"uploadUrl":"https://storage.googleapis.com/gcf-v2-uploads-387822057241.us-central1.cloudfunctions.appspot.com/036f65aa-0efa-4e26-b302-ffe2d614a5b0.zip?GoogleAccessId=service-387822057241@gcf-admin-robot.iam.gserviceaccount.com&Expires=1759230491&Signature=m8kXRRzlnSEfFsBFXZn18AgnazovftDbpc1qATyqpb4SPBoE%2Bw6x4dUtcIingFtWd3SA3g8OPmVNmVsVPSXWDivgbnLAPFblinQorOsEPerMJm6yw%2F9F1Xo%2BfDAipbUI2qMdG1GKephZPBj3JI07rICLdpHwwcp%2FrP%2BjRk9dNp6BNZFXXk5xde7CE%2BLCmwp7wBerZX32Rddig1TzzniKmpQ1s9TsbiOZUqYDap1xns7QRviLf0rZJxSyZ7%2FZtXUvmnYZf7LehfWB%2BTeSHD2kE7X1B4BcJ9nVY2b3UDTsmhTBc1noN6m8WQ2rwwgN8%2FX%2F8%2BRkmG0YtW9dFM7%2BIxJJWw%3D%3D","storageSource":{"bucket":"gcf-v2-uploads-387822057241.us-central1.cloudfunctions.appspot.com","object":"036f65aa-0efa-4e26-b302-ffe2d614a5b0.zip"}}
[debug] [2025-09-30T10:38:11.882Z] >>> [apiv2][query] PUT https://storage.googleapis.com/gcf-v2-uploads-387822057241.us-central1.cloudfunctions.appspot.com/036f65aa-0efa-4e26-b302-ffe2d614a5b0.zip GoogleAccessId=service-387822057241%40gcf-admin-robot.iam.gserviceaccount.com&Expires=1759230491&Signature=m8kXRRzlnSEfFsBFXZn18AgnazovftDbpc1qATyqpb4SPBoE%2Bw6x4dUtcIingFtWd3SA3g8OPmVNmVsVPSXWDivgbnLAPFblinQorOsEPerMJm6yw%2F9F1Xo%2BfDAipbUI2qMdG1GKephZPBj3JI07rICLdpHwwcp%2FrP%2BjRk9dNp6BNZFXXk5xde7CE%2BLCmwp7wBerZX32Rddig1TzzniKmpQ1s9TsbiOZUqYDap1xns7QRviLf0rZJxSyZ7%2FZtXUvmnYZf7LehfWB%2BTeSHD2kE7X1B4BcJ9nVY2b3UDTsmhTBc1noN6m8WQ2rwwgN8%2FX%2F8%2BRkmG0YtW9dFM7%2BIxJJWw%3D%3D
[debug] [2025-09-30T10:38:11.882Z] >>> [apiv2][body] PUT https://storage.googleapis.com/gcf-v2-uploads-387822057241.us-central1.cloudfunctions.appspot.com/036f65aa-0efa-4e26-b302-ffe2d614a5b0.zip [stream]
[debug] [2025-09-30T10:38:12.337Z] <<< [apiv2][status] PUT https://storage.googleapis.com/gcf-v2-uploads-387822057241.us-central1.cloudfunctions.appspot.com/036f65aa-0efa-4e26-b302-ffe2d614a5b0.zip 200
[debug] [2025-09-30T10:38:12.337Z] <<< [apiv2][body] PUT https://storage.googleapis.com/gcf-v2-uploads-387822057241.us-central1.cloudfunctions.appspot.com/036f65aa-0efa-4e26-b302-ffe2d614a5b0.zip [omitted]
[info] ✔  functions: functions source uploaded successfully 
[info] i  functions: creating Node.js 22 (2nd Gen) function api(us-central1)... 
[debug] [2025-09-30T10:38:12.350Z] Checked if tokens are valid: true, expires at: 1759231914776
[debug] [2025-09-30T10:38:12.350Z] Checked if tokens are valid: true, expires at: 1759231914776
[debug] [2025-09-30T10:38:12.350Z] >>> [apiv2][query] POST https://cloudfunctions.googleapis.com/v2/projects/aurea-marketplace/locations/us-central1/functions functionId=api
[debug] [2025-09-30T10:38:12.350Z] >>> [apiv2][body] POST https://cloudfunctions.googleapis.com/v2/projects/aurea-marketplace/locations/us-central1/functions {"name":"projects/aurea-marketplace/locations/us-central1/functions/api","buildConfig":{"runtime":"nodejs22","entryPoint":"api","source":{"storageSource":{"bucket":"gcf-v2-uploads-387822057241.us-central1.cloudfunctions.appspot.com","object":"036f65aa-0efa-4e26-b302-ffe2d614a5b0.zip"}},"environmentVariables":{"GOOGLE_NODE_RUN_SCRIPTS":""}},"serviceConfig":{"environmentVariables":{"FIREBASE_CONFIG":"{\"projectId\":\"aurea-marketplace\",\"storageBucket\":\"aurea-marketplace.firebasestorage.app\"}","GCLOUD_PROJECT":"aurea-marketplace","EVENTARC_CLOUD_EVENT_SOURCE":"projects/aurea-marketplace/locations/us-central1/services/api","FUNCTION_TARGET":"api","LOG_EXECUTION_ID":"true"},"ingressSettings":null,"timeoutSeconds":null,"serviceAccountEmail":null,"availableMemory":"256Mi","minInstanceCount":null,"maxInstanceCount":null,"maxInstanceRequestConcurrency":80,"availableCpu":"1","vpcConnector":null,"vpcConnectorEgressSettings":null},"labels":{"deployment-tool":"cli-firebase","firebase-functions-hash":"bf02999a8e5067886ec54e7e753154ad2d7f8d69"}}
[debug] [2025-09-30T10:38:13.739Z] <<< [apiv2][status] POST https://cloudfunctions.googleapis.com/v2/projects/aurea-marketplace/locations/us-central1/functions 200
[debug] [2025-09-30T10:38:13.739Z] <<< [apiv2][body] POST https://cloudfunctions.googleapis.com/v2/projects/aurea-marketplace/locations/us-central1/functions {"name":"projects/aurea-marketplace/locations/us-central1/operations/operation-1759228692715-64002594ed965-86ec63e3-2e8ae766","metadata":{"@type":"type.googleapis.com/google.cloud.functions.v2.OperationMetadata","createTime":"2025-09-30T10:38:13.784526269Z","target":"projects/aurea-marketplace/locations/us-central1/functions/api","verb":"create","cancelRequested":false,"apiVersion":"v2"},"done":false}
[debug] [2025-09-30T10:38:13.740Z] Checked if tokens are valid: true, expires at: 1759231914776
[debug] [2025-09-30T10:38:13.740Z] Checked if tokens are valid: true, expires at: 1759231914776
[debug] [2025-09-30T10:38:13.740Z] >>> [apiv2][query] GET https://cloudfunctions.googleapis.com/v2/projects/aurea-marketplace/locations/us-central1/operations/operation-1759228692715-64002594ed965-86ec63e3-2e8ae766 [none]
[debug] [2025-09-30T10:38:14.069Z] <<< [apiv2][status] GET https://cloudfunctions.googleapis.com/v2/projects/aurea-marketplace/locations/us-central1/operations/operation-1759228692715-64002594ed965-86ec63e3-2e8ae766 200
[debug] [2025-09-30T10:38:14.070Z] <<< [apiv2][body] GET https://cloudfunctions.googleapis.com/v2/projects/aurea-marketplace/locations/us-central1/operations/operation-1759228692715-64002594ed965-86ec63e3-2e8ae766 {"name":"projects/aurea-marketplace/locations/us-central1/operations/operation-1759228692715-64002594ed965-86ec63e3-2e8ae766","metadata":{"@type":"type.googleapis.com/google.cloud.functions.v2.OperationMetadata","createTime":"2025-09-30T10:38:13.784526269Z","target":"projects/aurea-marketplace/locations/us-central1/functions/api","verb":"create","cancelRequested":false,"apiVersion":"v2","requestResource":{"@type":"type.googleapis.com/google.cloud.functions.v2.Function","name":"projects/aurea-marketplace/locations/us-central1/functions/api","buildConfig":{"runtime":"nodejs22","entryPoint":"api","source":{"storageSource":{"bucket":"gcf-v2-sources-387822057241-us-central1","object":"api/function-source.zip","generation":"1759228693474891"}},"environmentVariables":{"GOOGLE_NODE_RUN_SCRIPTS":""},"serviceAccount":"projects/aurea-marketplace/serviceAccounts/387822057241-compute@developer.gserviceaccount.com","automaticUpdatePolicy":{}},"serviceConfig":{"service":"projects/aurea-marketplace/locations/us-central1/services/api","timeoutSeconds":60,"environmentVariables":{"FIREBASE_CONFIG":"{\"projectId\":\"aurea-marketplace\",\"storageBucket\":\"aurea-marketplace.firebasestorage.app\"}","GCLOUD_PROJECT":"aurea-marketplace","EVENTARC_CLOUD_EVENT_SOURCE":"projects/aurea-marketplace/locations/us-central1/services/api","FUNCTION_TARGET":"api","LOG_EXECUTION_ID":"true"},"ingressSettings":"ALLOW_ALL","serviceAccountEmail":"387822057241-compute@developer.gserviceaccount.com","availableMemory":"256Mi","maxInstanceRequestConcurrency":80,"availableCpu":"1"},"labels":{"deployment-tool":"cli-firebase","firebase-functions-hash":"bf02999a8e5067886ec54e7e753154ad2d7f8d69"},"environment":"GEN_2"},"stages":[{"name":"BUILD","state":"NOT_STARTED"},{"name":"SERVICE","state":"NOT_STARTED"}],"operationType":"CREATE_FUNCTION"},"done":false}
[debug] [2025-09-30T10:38:14.577Z] [create-default-us-central1-api] Retrying task index 0
[debug] [2025-09-30T10:38:14.578Z] Checked if tokens are valid: true, expires at: 1759231914776
[debug] [2025-09-30T10:38:14.578Z] Checked if tokens are valid: true, expires at: 1759231914776
[debug] [2025-09-30T10:38:14.578Z] >>> [apiv2][query] GET https://cloudfunctions.googleapis.com/v2/projects/aurea-marketplace/locations/us-central1/operations/operation-1759228692715-64002594ed965-86ec63e3-2e8ae766 [none]
[debug] [2025-09-30T10:38:14.906Z] <<< [apiv2][status] GET https://cloudfunctions.googleapis.com/v2/projects/aurea-marketplace/locations/us-central1/operations/operation-1759228692715-64002594ed965-86ec63e3-2e8ae766 200
[debug] [2025-09-30T10:38:14.906Z] <<< [apiv2][body] GET https://cloudfunctions.googleapis.com/v2/projects/aurea-marketplace/locations/us-central1/operations/operation-1759228692715-64002594ed965-86ec63e3-2e8ae766 {"name":"projects/aurea-marketplace/locations/us-central1/operations/operation-1759228692715-64002594ed965-86ec63e3-2e8ae766","metadata":{"@type":"type.googleapis.com/google.cloud.functions.v2.OperationMetadata","createTime":"2025-09-30T10:38:13.784526269Z","target":"projects/aurea-marketplace/locations/us-central1/functions/api","verb":"create","cancelRequested":false,"apiVersion":"v2","requestResource":{"@type":"type.googleapis.com/google.cloud.functions.v2.Function","name":"projects/aurea-marketplace/locations/us-central1/functions/api","buildConfig":{"runtime":"nodejs22","entryPoint":"api","source":{"storageSource":{"bucket":"gcf-v2-sources-387822057241-us-central1","object":"api/function-source.zip","generation":"1759228693474891"}},"environmentVariables":{"GOOGLE_NODE_RUN_SCRIPTS":""},"serviceAccount":"projects/aurea-marketplace/serviceAccounts/387822057241-compute@developer.gserviceaccount.com","automaticUpdatePolicy":{}},"serviceConfig":{"service":"projects/aurea-marketplace/locations/us-central1/services/api","timeoutSeconds":60,"environmentVariables":{"FIREBASE_CONFIG":"{\"projectId\":\"aurea-marketplace\",\"storageBucket\":\"aurea-marketplace.firebasestorage.app\"}","GCLOUD_PROJECT":"aurea-marketplace","EVENTARC_CLOUD_EVENT_SOURCE":"projects/aurea-marketplace/locations/us-central1/services/api","FUNCTION_TARGET":"api","LOG_EXECUTION_ID":"true"},"ingressSettings":"ALLOW_ALL","serviceAccountEmail":"387822057241-compute@developer.gserviceaccount.com","availableMemory":"256Mi","maxInstanceRequestConcurrency":80,"availableCpu":"1"},"labels":{"deployment-tool":"cli-firebase","firebase-functions-hash":"bf02999a8e5067886ec54e7e753154ad2d7f8d69"},"environment":"GEN_2"},"stages":[{"name":"BUILD","state":"NOT_STARTED"},{"name":"SERVICE","state":"NOT_STARTED"}],"operationType":"CREATE_FUNCTION"},"done":false}
[debug] [2025-09-30T10:38:15.908Z] [create-default-us-central1-api] Retrying task index 0
[debug] [2025-09-30T10:38:15.909Z] Checked if tokens are valid: true, expires at: 1759231914776
[debug] [2025-09-30T10:38:15.909Z] Checked if tokens are valid: true, expires at: 1759231914776
[debug] [2025-09-30T10:38:15.909Z] >>> [apiv2][query] GET https://cloudfunctions.googleapis.com/v2/projects/aurea-marketplace/locations/us-central1/operations/operation-1759228692715-64002594ed965-86ec63e3-2e8ae766 [none]
[debug] [2025-09-30T10:38:16.210Z] <<< [apiv2][status] GET https://cloudfunctions.googleapis.com/v2/projects/aurea-marketplace/locations/us-central1/operations/operation-1759228692715-64002594ed965-86ec63e3-2e8ae766 200
[debug] [2025-09-30T10:38:16.210Z] <<< [apiv2][body] GET https://cloudfunctions.googleapis.com/v2/projects/aurea-marketplace/locations/us-central1/operations/operation-1759228692715-64002594ed965-86ec63e3-2e8ae766 {"name":"projects/aurea-marketplace/locations/us-central1/operations/operation-1759228692715-64002594ed965-86ec63e3-2e8ae766","metadata":{"@type":"type.googleapis.com/google.cloud.functions.v2.OperationMetadata","createTime":"2025-09-30T10:38:13.784526269Z","target":"projects/aurea-marketplace/locations/us-central1/functions/api","verb":"create","cancelRequested":false,"apiVersion":"v2","requestResource":{"@type":"type.googleapis.com/google.cloud.functions.v2.Function","name":"projects/aurea-marketplace/locations/us-central1/functions/api","buildConfig":{"runtime":"nodejs22","entryPoint":"api","source":{"storageSource":{"bucket":"gcf-v2-sources-387822057241-us-central1","object":"api/function-source.zip","generation":"1759228693474891"}},"environmentVariables":{"GOOGLE_NODE_RUN_SCRIPTS":""},"serviceAccount":"projects/aurea-marketplace/serviceAccounts/387822057241-compute@developer.gserviceaccount.com","automaticUpdatePolicy":{}},"serviceConfig":{"service":"projects/aurea-marketplace/locations/us-central1/services/api","timeoutSeconds":60,"environmentVariables":{"FIREBASE_CONFIG":"{\"projectId\":\"aurea-marketplace\",\"storageBucket\":\"aurea-marketplace.firebasestorage.app\"}","GCLOUD_PROJECT":"aurea-marketplace","EVENTARC_CLOUD_EVENT_SOURCE":"projects/aurea-marketplace/locations/us-central1/services/api","FUNCTION_TARGET":"api","LOG_EXECUTION_ID":"true"},"ingressSettings":"ALLOW_ALL","serviceAccountEmail":"387822057241-compute@developer.gserviceaccount.com","availableMemory":"256Mi","maxInstanceRequestConcurrency":80,"availableCpu":"1"},"labels":{"deployment-tool":"cli-firebase","firebase-functions-hash":"bf02999a8e5067886ec54e7e753154ad2d7f8d69"},"environment":"GEN_2"},"stages":[{"name":"BUILD","state":"NOT_STARTED"},{"name":"SERVICE","state":"NOT_STARTED"}],"operationType":"CREATE_FUNCTION"},"done":false}
[debug] [2025-09-30T10:38:18.214Z] [create-default-us-central1-api] Retrying task index 0
[debug] [2025-09-30T10:38:18.215Z] Checked if tokens are valid: true, expires at: 1759231914776
[debug] [2025-09-30T10:38:18.215Z] Checked if tokens are valid: true, expires at: 1759231914776
[debug] [2025-09-30T10:38:18.215Z] >>> [apiv2][query] GET https://cloudfunctions.googleapis.com/v2/projects/aurea-marketplace/locations/us-central1/operations/operation-1759228692715-64002594ed965-86ec63e3-2e8ae766 [none]
[debug] [2025-09-30T10:38:18.543Z] <<< [apiv2][status] GET https://cloudfunctions.googleapis.com/v2/projects/aurea-marketplace/locations/us-central1/operations/operation-1759228692715-64002594ed965-86ec63e3-2e8ae766 200
[debug] [2025-09-30T10:38:18.543Z] <<< [apiv2][body] GET https://cloudfunctions.googleapis.com/v2/projects/aurea-marketplace/locations/us-central1/operations/operation-1759228692715-64002594ed965-86ec63e3-2e8ae766 {"name":"projects/aurea-marketplace/locations/us-central1/operations/operation-1759228692715-64002594ed965-86ec63e3-2e8ae766","metadata":{"@type":"type.googleapis.com/google.cloud.functions.v2.OperationMetadata","createTime":"2025-09-30T10:38:13.784526269Z","target":"projects/aurea-marketplace/locations/us-central1/functions/api","verb":"create","cancelRequested":false,"apiVersion":"v2","requestResource":{"@type":"type.googleapis.com/google.cloud.functions.v2.Function","name":"projects/aurea-marketplace/locations/us-central1/functions/api","buildConfig":{"runtime":"nodejs22","entryPoint":"api","source":{"storageSource":{"bucket":"gcf-v2-sources-387822057241-us-central1","object":"api/function-source.zip","generation":"1759228693474891"}},"environmentVariables":{"GOOGLE_NODE_RUN_SCRIPTS":""},"serviceAccount":"projects/aurea-marketplace/serviceAccounts/387822057241-compute@developer.gserviceaccount.com","automaticUpdatePolicy":{}},"serviceConfig":{"service":"projects/aurea-marketplace/locations/us-central1/services/api","timeoutSeconds":60,"environmentVariables":{"FIREBASE_CONFIG":"{\"projectId\":\"aurea-marketplace\",\"storageBucket\":\"aurea-marketplace.firebasestorage.app\"}","GCLOUD_PROJECT":"aurea-marketplace","EVENTARC_CLOUD_EVENT_SOURCE":"projects/aurea-marketplace/locations/us-central1/services/api","FUNCTION_TARGET":"api","LOG_EXECUTION_ID":"true"},"ingressSettings":"ALLOW_ALL","serviceAccountEmail":"387822057241-compute@developer.gserviceaccount.com","availableMemory":"256Mi","maxInstanceRequestConcurrency":80,"availableCpu":"1"},"labels":{"deployment-tool":"cli-firebase","firebase-functions-hash":"bf02999a8e5067886ec54e7e753154ad2d7f8d69"},"environment":"GEN_2"},"stages":[{"name":"BUILD","state":"NOT_STARTED"},{"name":"SERVICE","state":"NOT_STARTED"}],"operationType":"CREATE_FUNCTION"},"done":false}
[debug] [2025-09-30T10:38:22.550Z] [create-default-us-central1-api] Retrying task index 0
[debug] [2025-09-30T10:38:22.551Z] Checked if tokens are valid: true, expires at: 1759231914776
[debug] [2025-09-30T10:38:22.551Z] Checked if tokens are valid: true, expires at: 1759231914776
[debug] [2025-09-30T10:38:22.551Z] >>> [apiv2][query] GET https://cloudfunctions.googleapis.com/v2/projects/aurea-marketplace/locations/us-central1/operations/operation-1759228692715-64002594ed965-86ec63e3-2e8ae766 [none]
[debug] [2025-09-30T10:38:22.834Z] <<< [apiv2][status] GET https://cloudfunctions.googleapis.com/v2/projects/aurea-marketplace/locations/us-central1/operations/operation-1759228692715-64002594ed965-86ec63e3-2e8ae766 200
[debug] [2025-09-30T10:38:22.834Z] <<< [apiv2][body] GET https://cloudfunctions.googleapis.com/v2/projects/aurea-marketplace/locations/us-central1/operations/operation-1759228692715-64002594ed965-86ec63e3-2e8ae766 {"name":"projects/aurea-marketplace/locations/us-central1/operations/operation-1759228692715-64002594ed965-86ec63e3-2e8ae766","metadata":{"@type":"type.googleapis.com/google.cloud.functions.v2.OperationMetadata","createTime":"2025-09-30T10:38:13.784526269Z","target":"projects/aurea-marketplace/locations/us-central1/functions/api","verb":"create","cancelRequested":false,"apiVersion":"v2","requestResource":{"@type":"type.googleapis.com/google.cloud.functions.v2.Function","name":"projects/aurea-marketplace/locations/us-central1/functions/api","buildConfig":{"runtime":"nodejs22","entryPoint":"api","source":{"storageSource":{"bucket":"gcf-v2-sources-387822057241-us-central1","object":"api/function-source.zip","generation":"1759228693474891"}},"environmentVariables":{"GOOGLE_NODE_RUN_SCRIPTS":""},"serviceAccount":"projects/aurea-marketplace/serviceAccounts/387822057241-compute@developer.gserviceaccount.com","automaticUpdatePolicy":{}},"serviceConfig":{"service":"projects/aurea-marketplace/locations/us-central1/services/api","timeoutSeconds":60,"environmentVariables":{"FIREBASE_CONFIG":"{\"projectId\":\"aurea-marketplace\",\"storageBucket\":\"aurea-marketplace.firebasestorage.app\"}","GCLOUD_PROJECT":"aurea-marketplace","EVENTARC_CLOUD_EVENT_SOURCE":"projects/aurea-marketplace/locations/us-central1/services/api","FUNCTION_TARGET":"api","LOG_EXECUTION_ID":"true"},"ingressSettings":"ALLOW_ALL","serviceAccountEmail":"387822057241-compute@developer.gserviceaccount.com","availableMemory":"256Mi","maxInstanceRequestConcurrency":80,"availableCpu":"1"},"labels":{"deployment-tool":"cli-firebase","firebase-functions-hash":"bf02999a8e5067886ec54e7e753154ad2d7f8d69"},"environment":"GEN_2"},"stages":[{"name":"BUILD","state":"NOT_STARTED"},{"name":"SERVICE","state":"NOT_STARTED"}],"operationType":"CREATE_FUNCTION"},"done":false}
[debug] [2025-09-30T10:38:30.841Z] [create-default-us-central1-api] Retrying task index 0
[debug] [2025-09-30T10:38:30.841Z] Checked if tokens are valid: true, expires at: 1759231914776
[debug] [2025-09-30T10:38:30.841Z] Checked if tokens are valid: true, expires at: 1759231914776
[debug] [2025-09-30T10:38:30.841Z] >>> [apiv2][query] GET https://cloudfunctions.googleapis.com/v2/projects/aurea-marketplace/locations/us-central1/operations/operation-1759228692715-64002594ed965-86ec63e3-2e8ae766 [none]
[debug] [2025-09-30T10:38:31.286Z] <<< [apiv2][status] GET https://cloudfunctions.googleapis.com/v2/projects/aurea-marketplace/locations/us-central1/operations/operation-1759228692715-64002594ed965-86ec63e3-2e8ae766 200
[debug] [2025-09-30T10:38:31.287Z] <<< [apiv2][body] GET https://cloudfunctions.googleapis.com/v2/projects/aurea-marketplace/locations/us-central1/operations/operation-1759228692715-64002594ed965-86ec63e3-2e8ae766 {"name":"projects/aurea-marketplace/locations/us-central1/operations/operation-1759228692715-64002594ed965-86ec63e3-2e8ae766","metadata":{"@type":"type.googleapis.com/google.cloud.functions.v2.OperationMetadata","createTime":"2025-09-30T10:38:13.784526269Z","target":"projects/aurea-marketplace/locations/us-central1/functions/api","verb":"create","cancelRequested":false,"apiVersion":"v2","requestResource":{"@type":"type.googleapis.com/google.cloud.functions.v2.Function","name":"projects/aurea-marketplace/locations/us-central1/functions/api","buildConfig":{"runtime":"nodejs22","entryPoint":"api","source":{"storageSource":{"bucket":"gcf-v2-sources-387822057241-us-central1","object":"api/function-source.zip","generation":"1759228693474891"}},"environmentVariables":{"GOOGLE_NODE_RUN_SCRIPTS":""},"serviceAccount":"projects/aurea-marketplace/serviceAccounts/387822057241-compute@developer.gserviceaccount.com","automaticUpdatePolicy":{}},"serviceConfig":{"service":"projects/aurea-marketplace/locations/us-central1/services/api","timeoutSeconds":60,"environmentVariables":{"FIREBASE_CONFIG":"{\"projectId\":\"aurea-marketplace\",\"storageBucket\":\"aurea-marketplace.firebasestorage.app\"}","GCLOUD_PROJECT":"aurea-marketplace","EVENTARC_CLOUD_EVENT_SOURCE":"projects/aurea-marketplace/locations/us-central1/services/api","FUNCTION_TARGET":"api","LOG_EXECUTION_ID":"true"},"ingressSettings":"ALLOW_ALL","serviceAccountEmail":"387822057241-compute@developer.gserviceaccount.com","availableMemory":"256Mi","maxInstanceRequestConcurrency":80,"availableCpu":"1"},"labels":{"deployment-tool":"cli-firebase","firebase-functions-hash":"bf02999a8e5067886ec54e7e753154ad2d7f8d69"},"environment":"GEN_2"},"stages":[{"name":"BUILD","message":"Build in progress","state":"IN_PROGRESS","resource":"projects/387822057241/locations/us-central1/builds/40024148-751f-4395-bba6-a7104dd865f8","resourceUri":"https://console.cloud.google.com/cloud-build/builds;region=us-central1/40024148-751f-4395-bba6-a7104dd865f8?project=387822057241"},{"name":"SERVICE","state":"NOT_STARTED"}],"operationType":"CREATE_FUNCTION","buildName":"projects/387822057241/locations/us-central1/builds/40024148-751f-4395-bba6-a7104dd865f8"},"done":false}
[debug] [2025-09-30T10:38:41.293Z] [create-default-us-central1-api] Retrying task index 0
[debug] [2025-09-30T10:38:41.293Z] Checked if tokens are valid: true, expires at: 1759231914776
[debug] [2025-09-30T10:38:41.293Z] Checked if tokens are valid: true, expires at: 1759231914776
[debug] [2025-09-30T10:38:41.293Z] >>> [apiv2][query] GET https://cloudfunctions.googleapis.com/v2/projects/aurea-marketplace/locations/us-central1/operations/operation-1759228692715-64002594ed965-86ec63e3-2e8ae766 [none]
[debug] [2025-09-30T10:38:41.729Z] <<< [apiv2][status] GET https://cloudfunctions.googleapis.com/v2/projects/aurea-marketplace/locations/us-central1/operations/operation-1759228692715-64002594ed965-86ec63e3-2e8ae766 200
[debug] [2025-09-30T10:38:41.729Z] <<< [apiv2][body] GET https://cloudfunctions.googleapis.com/v2/projects/aurea-marketplace/locations/us-central1/operations/operation-1759228692715-64002594ed965-86ec63e3-2e8ae766 {"name":"projects/aurea-marketplace/locations/us-central1/operations/operation-1759228692715-64002594ed965-86ec63e3-2e8ae766","metadata":{"@type":"type.googleapis.com/google.cloud.functions.v2.OperationMetadata","createTime":"2025-09-30T10:38:13.784526269Z","target":"projects/aurea-marketplace/locations/us-central1/functions/api","verb":"create","cancelRequested":false,"apiVersion":"v2","requestResource":{"@type":"type.googleapis.com/google.cloud.functions.v2.Function","name":"projects/aurea-marketplace/locations/us-central1/functions/api","buildConfig":{"runtime":"nodejs22","entryPoint":"api","source":{"storageSource":{"bucket":"gcf-v2-sources-387822057241-us-central1","object":"api/function-source.zip","generation":"1759228693474891"}},"environmentVariables":{"GOOGLE_NODE_RUN_SCRIPTS":""},"serviceAccount":"projects/aurea-marketplace/serviceAccounts/387822057241-compute@developer.gserviceaccount.com","automaticUpdatePolicy":{}},"serviceConfig":{"service":"projects/aurea-marketplace/locations/us-central1/services/api","timeoutSeconds":60,"environmentVariables":{"FIREBASE_CONFIG":"{\"projectId\":\"aurea-marketplace\",\"storageBucket\":\"aurea-marketplace.firebasestorage.app\"}","GCLOUD_PROJECT":"aurea-marketplace","EVENTARC_CLOUD_EVENT_SOURCE":"projects/aurea-marketplace/locations/us-central1/services/api","FUNCTION_TARGET":"api","LOG_EXECUTION_ID":"true"},"ingressSettings":"ALLOW_ALL","serviceAccountEmail":"387822057241-compute@developer.gserviceaccount.com","availableMemory":"256Mi","maxInstanceRequestConcurrency":80,"availableCpu":"1"},"labels":{"deployment-tool":"cli-firebase","firebase-functions-hash":"bf02999a8e5067886ec54e7e753154ad2d7f8d69"},"environment":"GEN_2"},"stages":[{"name":"BUILD","message":"Build in progress","state":"IN_PROGRESS","resource":"projects/387822057241/locations/us-central1/builds/40024148-751f-4395-bba6-a7104dd865f8","resourceUri":"https://console.cloud.google.com/cloud-build/builds;region=us-central1/40024148-751f-4395-bba6-a7104dd865f8?project=387822057241"},{"name":"SERVICE","state":"NOT_STARTED"}],"operationType":"CREATE_FUNCTION","buildName":"projects/387822057241/locations/us-central1/builds/40024148-751f-4395-bba6-a7104dd865f8"},"done":false}
[debug] [2025-09-30T10:38:51.731Z] [create-default-us-central1-api] Retrying task index 0
[debug] [2025-09-30T10:38:51.732Z] Checked if tokens are valid: true, expires at: 1759231914776
[debug] [2025-09-30T10:38:51.732Z] Checked if tokens are valid: true, expires at: 1759231914776
[debug] [2025-09-30T10:38:51.732Z] >>> [apiv2][query] GET https://cloudfunctions.googleapis.com/v2/projects/aurea-marketplace/locations/us-central1/operations/operation-1759228692715-64002594ed965-86ec63e3-2e8ae766 [none]
[debug] [2025-09-30T10:38:52.152Z] <<< [apiv2][status] GET https://cloudfunctions.googleapis.com/v2/projects/aurea-marketplace/locations/us-central1/operations/operation-1759228692715-64002594ed965-86ec63e3-2e8ae766 200
[debug] [2025-09-30T10:38:52.152Z] <<< [apiv2][body] GET https://cloudfunctions.googleapis.com/v2/projects/aurea-marketplace/locations/us-central1/operations/operation-1759228692715-64002594ed965-86ec63e3-2e8ae766 {"name":"projects/aurea-marketplace/locations/us-central1/operations/operation-1759228692715-64002594ed965-86ec63e3-2e8ae766","metadata":{"@type":"type.googleapis.com/google.cloud.functions.v2.OperationMetadata","createTime":"2025-09-30T10:38:13.784526269Z","target":"projects/aurea-marketplace/locations/us-central1/functions/api","verb":"create","cancelRequested":false,"apiVersion":"v2","requestResource":{"@type":"type.googleapis.com/google.cloud.functions.v2.Function","name":"projects/aurea-marketplace/locations/us-central1/functions/api","buildConfig":{"runtime":"nodejs22","entryPoint":"api","source":{"storageSource":{"bucket":"gcf-v2-sources-387822057241-us-central1","object":"api/function-source.zip","generation":"1759228693474891"}},"environmentVariables":{"GOOGLE_NODE_RUN_SCRIPTS":""},"serviceAccount":"projects/aurea-marketplace/serviceAccounts/387822057241-compute@developer.gserviceaccount.com","automaticUpdatePolicy":{}},"serviceConfig":{"service":"projects/aurea-marketplace/locations/us-central1/services/api","timeoutSeconds":60,"environmentVariables":{"FIREBASE_CONFIG":"{\"projectId\":\"aurea-marketplace\",\"storageBucket\":\"aurea-marketplace.firebasestorage.app\"}","GCLOUD_PROJECT":"aurea-marketplace","EVENTARC_CLOUD_EVENT_SOURCE":"projects/aurea-marketplace/locations/us-central1/services/api","FUNCTION_TARGET":"api","LOG_EXECUTION_ID":"true"},"ingressSettings":"ALLOW_ALL","serviceAccountEmail":"387822057241-compute@developer.gserviceaccount.com","availableMemory":"256Mi","maxInstanceRequestConcurrency":80,"availableCpu":"1"},"labels":{"deployment-tool":"cli-firebase","firebase-functions-hash":"bf02999a8e5067886ec54e7e753154ad2d7f8d69"},"environment":"GEN_2"},"stages":[{"name":"BUILD","message":"Build in progress","state":"IN_PROGRESS","resource":"projects/387822057241/locations/us-central1/builds/40024148-751f-4395-bba6-a7104dd865f8","resourceUri":"https://console.cloud.google.com/cloud-build/builds;region=us-central1/40024148-751f-4395-bba6-a7104dd865f8?project=387822057241"},{"name":"SERVICE","state":"NOT_STARTED"}],"operationType":"CREATE_FUNCTION","buildName":"projects/387822057241/locations/us-central1/builds/40024148-751f-4395-bba6-a7104dd865f8"},"done":false}
[debug] [2025-09-30T10:39:02.153Z] [create-default-us-central1-api] Retrying task index 0
[debug] [2025-09-30T10:39:02.155Z] Checked if tokens are valid: true, expires at: 1759231914776
[debug] [2025-09-30T10:39:02.155Z] Checked if tokens are valid: true, expires at: 1759231914776
[debug] [2025-09-30T10:39:02.155Z] >>> [apiv2][query] GET https://cloudfunctions.googleapis.com/v2/projects/aurea-marketplace/locations/us-central1/operations/operation-1759228692715-64002594ed965-86ec63e3-2e8ae766 [none]
[debug] [2025-09-30T10:39:02.590Z] <<< [apiv2][status] GET https://cloudfunctions.googleapis.com/v2/projects/aurea-marketplace/locations/us-central1/operations/operation-1759228692715-64002594ed965-86ec63e3-2e8ae766 200
[debug] [2025-09-30T10:39:02.591Z] <<< [apiv2][body] GET https://cloudfunctions.googleapis.com/v2/projects/aurea-marketplace/locations/us-central1/operations/operation-1759228692715-64002594ed965-86ec63e3-2e8ae766 {"name":"projects/aurea-marketplace/locations/us-central1/operations/operation-1759228692715-64002594ed965-86ec63e3-2e8ae766","metadata":{"@type":"type.googleapis.com/google.cloud.functions.v2.OperationMetadata","createTime":"2025-09-30T10:38:13.784526269Z","target":"projects/aurea-marketplace/locations/us-central1/functions/api","verb":"create","cancelRequested":false,"apiVersion":"v2","requestResource":{"@type":"type.googleapis.com/google.cloud.functions.v2.Function","name":"projects/aurea-marketplace/locations/us-central1/functions/api","buildConfig":{"runtime":"nodejs22","entryPoint":"api","source":{"storageSource":{"bucket":"gcf-v2-sources-387822057241-us-central1","object":"api/function-source.zip","generation":"1759228693474891"}},"environmentVariables":{"GOOGLE_NODE_RUN_SCRIPTS":""},"serviceAccount":"projects/aurea-marketplace/serviceAccounts/387822057241-compute@developer.gserviceaccount.com","automaticUpdatePolicy":{}},"serviceConfig":{"service":"projects/aurea-marketplace/locations/us-central1/services/api","timeoutSeconds":60,"environmentVariables":{"FIREBASE_CONFIG":"{\"projectId\":\"aurea-marketplace\",\"storageBucket\":\"aurea-marketplace.firebasestorage.app\"}","GCLOUD_PROJECT":"aurea-marketplace","EVENTARC_CLOUD_EVENT_SOURCE":"projects/aurea-marketplace/locations/us-central1/services/api","FUNCTION_TARGET":"api","LOG_EXECUTION_ID":"true"},"ingressSettings":"ALLOW_ALL","serviceAccountEmail":"387822057241-compute@developer.gserviceaccount.com","availableMemory":"256Mi","maxInstanceRequestConcurrency":80,"availableCpu":"1"},"labels":{"deployment-tool":"cli-firebase","firebase-functions-hash":"bf02999a8e5067886ec54e7e753154ad2d7f8d69"},"environment":"GEN_2"},"stages":[{"name":"BUILD","message":"Build in progress","state":"IN_PROGRESS","resource":"projects/387822057241/locations/us-central1/builds/40024148-751f-4395-bba6-a7104dd865f8","resourceUri":"https://console.cloud.google.com/cloud-build/builds;region=us-central1/40024148-751f-4395-bba6-a7104dd865f8?project=387822057241"},{"name":"SERVICE","state":"NOT_STARTED"}],"operationType":"CREATE_FUNCTION","buildName":"projects/387822057241/locations/us-central1/builds/40024148-751f-4395-bba6-a7104dd865f8"},"done":false}
[debug] [2025-09-30T10:39:12.593Z] [create-default-us-central1-api] Retrying task index 0
[debug] [2025-09-30T10:39:12.594Z] Checked if tokens are valid: true, expires at: 1759231914776
[debug] [2025-09-30T10:39:12.594Z] Checked if tokens are valid: true, expires at: 1759231914776
[debug] [2025-09-30T10:39:12.594Z] >>> [apiv2][query] GET https://cloudfunctions.googleapis.com/v2/projects/aurea-marketplace/locations/us-central1/operations/operation-1759228692715-64002594ed965-86ec63e3-2e8ae766 [none]
[debug] [2025-09-30T10:39:13.026Z] <<< [apiv2][status] GET https://cloudfunctions.googleapis.com/v2/projects/aurea-marketplace/locations/us-central1/operations/operation-1759228692715-64002594ed965-86ec63e3-2e8ae766 200
[debug] [2025-09-30T10:39:13.026Z] <<< [apiv2][body] GET https://cloudfunctions.googleapis.com/v2/projects/aurea-marketplace/locations/us-central1/operations/operation-1759228692715-64002594ed965-86ec63e3-2e8ae766 {"name":"projects/aurea-marketplace/locations/us-central1/operations/operation-1759228692715-64002594ed965-86ec63e3-2e8ae766","metadata":{"@type":"type.googleapis.com/google.cloud.functions.v2.OperationMetadata","createTime":"2025-09-30T10:38:13.784526269Z","target":"projects/aurea-marketplace/locations/us-central1/functions/api","verb":"create","cancelRequested":false,"apiVersion":"v2","requestResource":{"@type":"type.googleapis.com/google.cloud.functions.v2.Function","name":"projects/aurea-marketplace/locations/us-central1/functions/api","buildConfig":{"runtime":"nodejs22","entryPoint":"api","source":{"storageSource":{"bucket":"gcf-v2-sources-387822057241-us-central1","object":"api/function-source.zip","generation":"1759228693474891"}},"environmentVariables":{"GOOGLE_NODE_RUN_SCRIPTS":""},"serviceAccount":"projects/aurea-marketplace/serviceAccounts/387822057241-compute@developer.gserviceaccount.com","automaticUpdatePolicy":{}},"serviceConfig":{"service":"projects/aurea-marketplace/locations/us-central1/services/api","timeoutSeconds":60,"environmentVariables":{"FIREBASE_CONFIG":"{\"projectId\":\"aurea-marketplace\",\"storageBucket\":\"aurea-marketplace.firebasestorage.app\"}","GCLOUD_PROJECT":"aurea-marketplace","EVENTARC_CLOUD_EVENT_SOURCE":"projects/aurea-marketplace/locations/us-central1/services/api","FUNCTION_TARGET":"api","LOG_EXECUTION_ID":"true"},"ingressSettings":"ALLOW_ALL","serviceAccountEmail":"387822057241-compute@developer.gserviceaccount.com","availableMemory":"256Mi","maxInstanceRequestConcurrency":80,"availableCpu":"1"},"labels":{"deployment-tool":"cli-firebase","firebase-functions-hash":"bf02999a8e5067886ec54e7e753154ad2d7f8d69"},"environment":"GEN_2"},"stages":[{"name":"BUILD","message":"Build in progress","state":"IN_PROGRESS","resource":"projects/387822057241/locations/us-central1/builds/40024148-751f-4395-bba6-a7104dd865f8","resourceUri":"https://console.cloud.google.com/cloud-build/builds;region=us-central1/40024148-751f-4395-bba6-a7104dd865f8?project=387822057241"},{"name":"SERVICE","state":"NOT_STARTED"}],"operationType":"CREATE_FUNCTION","buildName":"projects/387822057241/locations/us-central1/builds/40024148-751f-4395-bba6-a7104dd865f8"},"done":false}
[debug] [2025-09-30T10:39:23.030Z] [create-default-us-central1-api] Retrying task index 0
[debug] [2025-09-30T10:39:23.030Z] Checked if tokens are valid: true, expires at: 1759231914776
[debug] [2025-09-30T10:39:23.030Z] Checked if tokens are valid: true, expires at: 1759231914776
[debug] [2025-09-30T10:39:23.030Z] >>> [apiv2][query] GET https://cloudfunctions.googleapis.com/v2/projects/aurea-marketplace/locations/us-central1/operations/operation-1759228692715-64002594ed965-86ec63e3-2e8ae766 [none]
[debug] [2025-09-30T10:39:23.482Z] <<< [apiv2][status] GET https://cloudfunctions.googleapis.com/v2/projects/aurea-marketplace/locations/us-central1/operations/operation-1759228692715-64002594ed965-86ec63e3-2e8ae766 200
[debug] [2025-09-30T10:39:23.482Z] <<< [apiv2][body] GET https://cloudfunctions.googleapis.com/v2/projects/aurea-marketplace/locations/us-central1/operations/operation-1759228692715-64002594ed965-86ec63e3-2e8ae766 {"name":"projects/aurea-marketplace/locations/us-central1/operations/operation-1759228692715-64002594ed965-86ec63e3-2e8ae766","metadata":{"@type":"type.googleapis.com/google.cloud.functions.v2.OperationMetadata","createTime":"2025-09-30T10:38:13.784526269Z","target":"projects/aurea-marketplace/locations/us-central1/functions/api","verb":"create","cancelRequested":false,"apiVersion":"v2","requestResource":{"@type":"type.googleapis.com/google.cloud.functions.v2.Function","name":"projects/aurea-marketplace/locations/us-central1/functions/api","buildConfig":{"runtime":"nodejs22","entryPoint":"api","source":{"storageSource":{"bucket":"gcf-v2-sources-387822057241-us-central1","object":"api/function-source.zip","generation":"1759228693474891"}},"environmentVariables":{"GOOGLE_NODE_RUN_SCRIPTS":""},"serviceAccount":"projects/aurea-marketplace/serviceAccounts/387822057241-compute@developer.gserviceaccount.com","automaticUpdatePolicy":{}},"serviceConfig":{"service":"projects/aurea-marketplace/locations/us-central1/services/api","timeoutSeconds":60,"environmentVariables":{"FIREBASE_CONFIG":"{\"projectId\":\"aurea-marketplace\",\"storageBucket\":\"aurea-marketplace.firebasestorage.app\"}","GCLOUD_PROJECT":"aurea-marketplace","EVENTARC_CLOUD_EVENT_SOURCE":"projects/aurea-marketplace/locations/us-central1/services/api","FUNCTION_TARGET":"api","LOG_EXECUTION_ID":"true"},"ingressSettings":"ALLOW_ALL","serviceAccountEmail":"387822057241-compute@developer.gserviceaccount.com","availableMemory":"256Mi","maxInstanceRequestConcurrency":80,"availableCpu":"1"},"labels":{"deployment-tool":"cli-firebase","firebase-functions-hash":"bf02999a8e5067886ec54e7e753154ad2d7f8d69"},"environment":"GEN_2"},"stages":[{"name":"BUILD","message":"Build finished","state":"COMPLETE","resource":"projects/387822057241/locations/us-central1/builds/40024148-751f-4395-bba6-a7104dd865f8","resourceUri":"https://console.cloud.google.com/cloud-build/builds;region=us-central1/40024148-751f-4395-bba6-a7104dd865f8?project=387822057241"},{"name":"SERVICE","state":"NOT_STARTED"}],"sourceToken":"Cldwcm9qZWN0cy8zODc4MjIwNTcyNDEvbG9jYXRpb25zL3VzLWNlbnRyYWwxL2J1aWxkcy80MDAyNDE0OC03NTFmLTQzOTUtYmJhNi1hNzEwNGRkODY1ZjgSanVzLWNlbnRyYWwxLWRvY2tlci5wa2cuZGV2L2F1cmVhLW1hcmtldHBsYWNlL2djZi1hcnRpZmFjdHMvYXVyZWEtLW1hcmtldHBsYWNlX191cy0tY2VudHJhbDFfX2FwaTp2ZXJzaW9uXzEYme7736QLIj5wcm9qZWN0cy9hdXJlYS1tYXJrZXRwbGFjZS9sb2NhdGlvbnMvdXMtY2VudHJhbDEvZnVuY3Rpb25zL2FwaSoMCNvm7sYGELD/t7wBMghub2RlanMyMjp2CiNnY3IuaW8vZ2FlLXJ1bnRpbWVzL25vZGVqczIyOnN0YWJsZRJPdXMtY2VudHJhbDEtZG9ja2VyLnBrZy5kZXYvc2VydmVybGVzcy1ydW50aW1lcy9nb29nbGUtMjItZnVsbC9ydW50aW1lcy9ub2RlanMyMkAB","operationType":"CREATE_FUNCTION","buildName":"projects/387822057241/locations/us-central1/builds/40024148-751f-4395-bba6-a7104dd865f8"},"done":false}
[debug] [2025-09-30T10:39:23.482Z] Got source token Cldwcm9qZWN0cy8zODc4MjIwNTcyNDEvbG9jYXRpb25zL3VzLWNlbnRyYWwxL2J1aWxkcy80MDAyNDE0OC03NTFmLTQzOTUtYmJhNi1hNzEwNGRkODY1ZjgSanVzLWNlbnRyYWwxLWRvY2tlci5wa2cuZGV2L2F1cmVhLW1hcmtldHBsYWNlL2djZi1hcnRpZmFjdHMvYXVyZWEtLW1hcmtldHBsYWNlX191cy0tY2VudHJhbDFfX2FwaTp2ZXJzaW9uXzEYme7736QLIj5wcm9qZWN0cy9hdXJlYS1tYXJrZXRwbGFjZS9sb2NhdGlvbnMvdXMtY2VudHJhbDEvZnVuY3Rpb25zL2FwaSoMCNvm7sYGELD/t7wBMghub2RlanMyMjp2CiNnY3IuaW8vZ2FlLXJ1bnRpbWVzL25vZGVqczIyOnN0YWJsZRJPdXMtY2VudHJhbDEtZG9ja2VyLnBrZy5kZXYvc2VydmVybGVzcy1ydW50aW1lcy9nb29nbGUtMjItZnVsbC9ydW50aW1lcy9ub2RlanMyMkAB for region us-central1
[debug] [2025-09-30T10:39:33.485Z] [create-default-us-central1-api] Retrying task index 0
[debug] [2025-09-30T10:39:33.485Z] Checked if tokens are valid: true, expires at: 1759231914776
[debug] [2025-09-30T10:39:33.486Z] Checked if tokens are valid: true, expires at: 1759231914776
[debug] [2025-09-30T10:39:33.486Z] >>> [apiv2][query] GET https://cloudfunctions.googleapis.com/v2/projects/aurea-marketplace/locations/us-central1/operations/operation-1759228692715-64002594ed965-86ec63e3-2e8ae766 [none]
[debug] [2025-09-30T10:39:33.887Z] <<< [apiv2][status] GET https://cloudfunctions.googleapis.com/v2/projects/aurea-marketplace/locations/us-central1/operations/operation-1759228692715-64002594ed965-86ec63e3-2e8ae766 200
[debug] [2025-09-30T10:39:33.887Z] <<< [apiv2][body] GET https://cloudfunctions.googleapis.com/v2/projects/aurea-marketplace/locations/us-central1/operations/operation-1759228692715-64002594ed965-86ec63e3-2e8ae766 {"name":"projects/aurea-marketplace/locations/us-central1/operations/operation-1759228692715-64002594ed965-86ec63e3-2e8ae766","metadata":{"@type":"type.googleapis.com/google.cloud.functions.v2.OperationMetadata","createTime":"2025-09-30T10:38:13.784526269Z","endTime":"2025-09-30T10:39:32.972609337Z","target":"projects/aurea-marketplace/locations/us-central1/functions/api","verb":"create","cancelRequested":false,"apiVersion":"v2","requestResource":{"@type":"type.googleapis.com/google.cloud.functions.v2.Function","name":"projects/aurea-marketplace/locations/us-central1/functions/api","buildConfig":{"runtime":"nodejs22","entryPoint":"api","source":{"storageSource":{"bucket":"gcf-v2-sources-387822057241-us-central1","object":"api/function-source.zip","generation":"1759228693474891"}},"environmentVariables":{"GOOGLE_NODE_RUN_SCRIPTS":""},"serviceAccount":"projects/aurea-marketplace/serviceAccounts/387822057241-compute@developer.gserviceaccount.com","automaticUpdatePolicy":{}},"serviceConfig":{"service":"projects/aurea-marketplace/locations/us-central1/services/api","timeoutSeconds":60,"environmentVariables":{"FIREBASE_CONFIG":"{\"projectId\":\"aurea-marketplace\",\"storageBucket\":\"aurea-marketplace.firebasestorage.app\"}","GCLOUD_PROJECT":"aurea-marketplace","EVENTARC_CLOUD_EVENT_SOURCE":"projects/aurea-marketplace/locations/us-central1/services/api","FUNCTION_TARGET":"api","LOG_EXECUTION_ID":"true"},"ingressSettings":"ALLOW_ALL","serviceAccountEmail":"387822057241-compute@developer.gserviceaccount.com","availableMemory":"256Mi","maxInstanceRequestConcurrency":80,"availableCpu":"1"},"labels":{"deployment-tool":"cli-firebase","firebase-functions-hash":"bf02999a8e5067886ec54e7e753154ad2d7f8d69"},"environment":"GEN_2"},"stages":[{"name":"BUILD","message":"Build finished","state":"COMPLETE","resource":"projects/387822057241/locations/us-central1/builds/40024148-751f-4395-bba6-a7104dd865f8","resourceUri":"https://console.cloud.google.com/cloud-build/builds;region=us-central1/40024148-751f-4395-bba6-a7104dd865f8?project=387822057241"},{"name":"SERVICE","message":"Creating Cloud Run service","state":"COMPLETE","resource":"projects/aurea-marketplace/locations/us-central1/services/api","resourceUri":"https://console.cloud.google.com/run/detail/us-central1/api?project=aurea-marketplace"}],"sourceToken":"Cldwcm9qZWN0cy8zODc4MjIwNTcyNDEvbG9jYXRpb25zL3VzLWNlbnRyYWwxL2J1aWxkcy80MDAyNDE0OC03NTFmLTQzOTUtYmJhNi1hNzEwNGRkODY1ZjgSanVzLWNlbnRyYWwxLWRvY2tlci5wa2cuZGV2L2F1cmVhLW1hcmtldHBsYWNlL2djZi1hcnRpZmFjdHMvYXVyZWEtLW1hcmtldHBsYWNlX191cy0tY2VudHJhbDFfX2FwaTp2ZXJzaW9uXzEYme7736QLIj5wcm9qZWN0cy9hdXJlYS1tYXJrZXRwbGFjZS9sb2NhdGlvbnMvdXMtY2VudHJhbDEvZnVuY3Rpb25zL2FwaSoMCNvm7sYGELD/t7wBMghub2RlanMyMjp2CiNnY3IuaW8vZ2FlLXJ1bnRpbWVzL25vZGVqczIyOnN0YWJsZRJPdXMtY2VudHJhbDEtZG9ja2VyLnBrZy5kZXYvc2VydmVybGVzcy1ydW50aW1lcy9nb29nbGUtMjItZnVsbC9ydW50aW1lcy9ub2RlanMyMkAB","operationType":"CREATE_FUNCTION","buildName":"projects/387822057241/locations/us-central1/builds/40024148-751f-4395-bba6-a7104dd865f8"},"done":true,"response":{"@type":"type.googleapis.com/google.cloud.functions.v2.Function","name":"projects/aurea-marketplace/locations/us-central1/functions/api","buildConfig":{"build":"projects/387822057241/locations/us-central1/builds/40024148-751f-4395-bba6-a7104dd865f8","runtime":"nodejs22","entryPoint":"api","source":{"storageSource":{"bucket":"gcf-v2-sources-387822057241-us-central1","object":"api/function-source.zip","generation":"1759228693474891"}},"environmentVariables":{"GOOGLE_NODE_RUN_SCRIPTS":""},"dockerRepository":"projects/aurea-marketplace/locations/us-central1/repositories/gcf-artifacts","sourceProvenance":{"resolvedStorageSource":{"bucket":"gcf-v2-sources-387822057241-us-central1","object":"api/function-source.zip","generation":"1759228693474891"}},"dockerRegistry":"ARTIFACT_REGISTRY","serviceAccount":"projects/aurea-marketplace/serviceAccounts/387822057241-compute@developer.gserviceaccount.com","automaticUpdatePolicy":{}},"serviceConfig":{"service":"projects/aurea-marketplace/locations/us-central1/services/api","timeoutSeconds":60,"environmentVariables":{"FIREBASE_CONFIG":"{\"projectId\":\"aurea-marketplace\",\"storageBucket\":\"aurea-marketplace.firebasestorage.app\"}","GCLOUD_PROJECT":"aurea-marketplace","EVENTARC_CLOUD_EVENT_SOURCE":"projects/aurea-marketplace/locations/us-central1/services/api","FUNCTION_TARGET":"api","LOG_EXECUTION_ID":"true"},"maxInstanceCount":3,"ingressSettings":"ALLOW_ALL","uri":"https://api-yew26oq36a-uc.a.run.app","serviceAccountEmail":"387822057241-compute@developer.gserviceaccount.com","availableMemory":"256Mi","allTrafficOnLatestRevision":true,"revision":"api-00001-jix","maxInstanceRequestConcurrency":80,"availableCpu":"1"},"state":"ACTIVE","updateTime":"2025-09-30T10:38:13.780844349Z","labels":{"firebase-functions-hash":"bf02999a8e5067886ec54e7e753154ad2d7f8d69","deployment-tool":"cli-firebase"},"environment":"GEN_2","url":"https://us-central1-aurea-marketplace.cloudfunctions.net/api","createTime":"2025-09-30T10:38:13.780844349Z","satisfiesPzi":true}}
[debug] [2025-09-30T10:39:33.888Z] Got source token Cldwcm9qZWN0cy8zODc4MjIwNTcyNDEvbG9jYXRpb25zL3VzLWNlbnRyYWwxL2J1aWxkcy80MDAyNDE0OC03NTFmLTQzOTUtYmJhNi1hNzEwNGRkODY1ZjgSanVzLWNlbnRyYWwxLWRvY2tlci5wa2cuZGV2L2F1cmVhLW1hcmtldHBsYWNlL2djZi1hcnRpZmFjdHMvYXVyZWEtLW1hcmtldHBsYWNlX191cy0tY2VudHJhbDFfX2FwaTp2ZXJzaW9uXzEYme7736QLIj5wcm9qZWN0cy9hdXJlYS1tYXJrZXRwbGFjZS9sb2NhdGlvbnMvdXMtY2VudHJhbDEvZnVuY3Rpb25zL2FwaSoMCNvm7sYGELD/t7wBMghub2RlanMyMjp2CiNnY3IuaW8vZ2FlLXJ1bnRpbWVzL25vZGVqczIyOnN0YWJsZRJPdXMtY2VudHJhbDEtZG9ja2VyLnBrZy5kZXYvc2VydmVybGVzcy1ydW50aW1lcy9nb29nbGUtMjItZnVsbC9ydW50aW1lcy9ub2RlanMyMkAB for region us-central1
[debug] [2025-09-30T10:39:33.890Z] Checked if tokens are valid: true, expires at: 1759231914776
[debug] [2025-09-30T10:39:33.891Z] Checked if tokens are valid: true, expires at: 1759231914776
[debug] [2025-09-30T10:39:33.891Z] >>> [apiv2][query] POST https://run.googleapis.com/v1/projects/aurea-marketplace/locations/us-central1/services/api:setIamPolicy [none]
[debug] [2025-09-30T10:39:33.891Z] >>> [apiv2][body] POST https://run.googleapis.com/v1/projects/aurea-marketplace/locations/us-central1/services/api:setIamPolicy {"policy":{"bindings":[{"role":"roles/run.invoker","members":["allUsers"]}],"etag":"","version":3},"updateMask":"bindings,etag,version"}
[debug] [2025-09-30T10:39:34.657Z] <<< [apiv2][status] POST https://run.googleapis.com/v1/projects/aurea-marketplace/locations/us-central1/services/api:setIamPolicy 200
[debug] [2025-09-30T10:39:34.657Z] <<< [apiv2][body] POST https://run.googleapis.com/v1/projects/aurea-marketplace/locations/us-central1/services/api:setIamPolicy {"version":1,"etag":"BwZAAl4xQyU=","bindings":[{"role":"roles/run.invoker","members":["allUsers"]}]}
[info] ✔  functions[api(us-central1)] Successful create operation. 
[debug] [2025-09-30T10:39:34.660Z] Total Function Deployment time: 82300
[debug] [2025-09-30T10:39:34.660Z] 1 Functions Deployed
[debug] [2025-09-30T10:39:34.660Z] 0 Functions Errored
[debug] [2025-09-30T10:39:34.660Z] 0 Function Deployments Aborted
[debug] [2025-09-30T10:39:34.660Z] Average Function Deployment time: 82299
[info] Function URL (api(us-central1)): https://us-central1-aurea-marketplace.cloudfunctions.net/api
[debug] [2025-09-30T10:39:34.664Z] Checked if tokens are valid: true, expires at: 1759231914776
[debug] [2025-09-30T10:39:34.664Z] Checked if tokens are valid: true, expires at: 1759231914776
[debug] [2025-09-30T10:39:34.664Z] >>> [apiv2][query] GET https://artifactregistry.googleapis.com/v1/projects/aurea-marketplace/locations/us-central1/repositories/gcf-artifacts [none]
[debug] [2025-09-30T10:39:35.279Z] <<< [apiv2][status] GET https://artifactregistry.googleapis.com/v1/projects/aurea-marketplace/locations/us-central1/repositories/gcf-artifacts 200
[debug] [2025-09-30T10:39:35.280Z] <<< [apiv2][body] GET https://artifactregistry.googleapis.com/v1/projects/aurea-marketplace/locations/us-central1/repositories/gcf-artifacts {"name":"projects/aurea-marketplace/locations/us-central1/repositories/gcf-artifacts","format":"DOCKER","description":"This repository is created and used by Cloud Functions for storing function docker images.","labels":{"goog-managed-by":"cloudfunctions"},"createTime":"2025-09-30T10:38:22.282936Z","updateTime":"2025-09-30T10:39:19.620581Z","mode":"STANDARD_REPOSITORY","sizeBytes":"96021991","vulnerabilityScanningConfig":{"lastEnableTime":"2025-09-30T10:38:13.963953256Z","enablementState":"SCANNING_DISABLED","enablementStateReason":"API containerscanning.googleapis.com is not enabled."},"satisfiesPzi":true,"registryUri":"us-central1-docker.pkg.dev/aurea-marketplace/gcf-artifacts"}
[warn] ⚠  functions: No cleanup policy detected for repositories in us-central1. This may result in a small monthly bill as container images accumulate over time. 
